<?xml version="1.0" encoding="UTF-8"?>
<!-- Generated by org.testng.reporters.JUnitXMLReporter -->
<testsuite ignored="0" hostname="LAPTOP-2QC3IUED" failures="1" tests="1" name="firefoxTest" time="0.158" errors="0" timestamp="2024-05-26T13:44:05 IST">
  <testcase classname="com.parameters.A" name="m1" time="0.0">
    <failure type="org.testng.TestNGException" message="
Parameter &amp;apos;X&amp;apos; is required by @Test on method m1 but has not been marked @Optional or defined
in C:\Users\bhagy\Documents\TestNgDemoProject\cbt.xml">
      <![CDATA[org.testng.TestNGException: 
Parameter 'X' is required by @Test on method m1 but has not been marked @Optional or defined
in C:\Users\bhagy\Documents\TestNgDemoProject\cbt.xml
at java.base/java.util.ArrayList.forEach(ArrayList.java:1511)
... Removed 26 stack frames]]>
    </failure>
  </testcase> <!-- m1 -->
</testsuite> <!-- firefoxTest -->
